[90m2024-06-16T12:42:30.619Z[39m [32mDEBUG[39m [97m@wdio/browserstack-service[39m Sending SDK event with data {
  userName: 'leonardopadilha_rIS0fJ',
  accessKey: '23wHM2JfRA7Z2uNqU8xK',
  event_type: 'SDKTestAttempted',
  detectedFramework: 'WebdriverIO-mocha',
  event_properties: {
    language_framework: 'WebdriverIO_mocha',
    referrer: 'WebdriverIO-mocha/8.38.2',
    language: 'WebdriverIO',
    languageVersion: 'v18.18.0',
    buildName: 'undefined',
    buildIdentifier: 'undefined',
    sdkRunId: '45ad0452-fd41-4e3f-bc80-a2f636ce3e9d',
    os: 'Windows_NT',
    hostname: 'DESKTOP-1LLNU0U',
    productMap: {
      observability: false,
      accessibility: false,
      percy: false,
      automate: false,
      app_automate: true
    },
    product: [ 'app-automate' ]
  }
}
[90m2024-06-16T12:42:31.247Z[39m [32mDEBUG[39m [97m@wdio/browserstack-service[39m Funnel event success
[90m2024-06-16T12:42:31.247Z[39m [96mINFO[39m [97m@wdio/browserstack-service[39m Using app: bs://f89eb90b523dc435c4f36a1154c1fc2bd6d5524f
[90m2024-06-16T12:42:31.250Z[39m [96mINFO[39m [97m@wdio/browserstack-service[39m browserstackLocal is not enabled - skipping...
[90m2024-06-16T12:43:10.297Z[39m [32mDEBUG[39m [97m@wdio/browserstack-service[39m Requesting Browserstack session URL at https://api-cloud.browserstack.com/app-automate/sessions/09ba30210e82732d3876a6cd80d2179ef858fa83.json
[90m2024-06-16T12:43:11.633Z[39m [96mINFO[39m [97m@wdio/browserstack-service[39m  session: https://app-automate.browserstack.com/builds/fc2d753fa6fb09d8de874f146a6b20d2f3db8c14/sessions/09ba30210e82732d3876a6cd80d2179ef858fa83
[90m2024-06-16T12:43:11.645Z[39m [96mINFO[39m [97m@wdio/browserstack-service[39m Update job with sessionId 09ba30210e82732d3876a6cd80d2179ef858fa83
[90m2024-06-16T12:43:11.645Z[39m [32mDEBUG[39m [97m@wdio/browserstack-service[39m Updating Browserstack session at https://api-cloud.browserstack.com/app-automate/sessions/09ba30210e82732d3876a6cd80d2179ef858fa83.json with request body: 
[90m2024-06-16T12:43:12.449Z[39m [96mINFO[39m [97m@wdio/browserstack-service[39m Update job with sessionId 09ba30210e82732d3876a6cd80d2179ef858fa83
[90m2024-06-16T12:43:12.449Z[39m [32mDEBUG[39m [97m@wdio/browserstack-service[39m Updating Browserstack session at https://api-cloud.browserstack.com/app-automate/sessions/09ba30210e82732d3876a6cd80d2179ef858fa83.json with request body: 
[90m2024-06-16T12:43:13.043Z[39m [32mDEBUG[39m [97m@wdio/browserstack-service[39m Requesting Browserstack session URL at https://api-cloud.browserstack.com/app-automate/sessions/334a3b67e51f09adab606eff24a77a094ac538d8.json
[90m2024-06-16T12:43:13.726Z[39m [32mDEBUG[39m [97m@wdio/browserstack-service[39m Requesting Browserstack session URL at https://api-cloud.browserstack.com/app-automate/sessions/ee21f86c07629a8c424ceb478dbaf9aeb442b810.json
[90m2024-06-16T12:43:13.911Z[39m [32mDEBUG[39m [97m@wdio/browserstack-service[39m Requesting Browserstack session URL at https://api-cloud.browserstack.com/app-automate/sessions/f55c1c1244f88dd9e2a1bea21c77fa1b14425496.json
[90m2024-06-16T12:43:14.056Z[39m [96mINFO[39m [97m@wdio/browserstack-service[39m  session: https://app-automate.browserstack.com/builds/fc2d753fa6fb09d8de874f146a6b20d2f3db8c14/sessions/334a3b67e51f09adab606eff24a77a094ac538d8
[90m2024-06-16T12:43:14.068Z[39m [96mINFO[39m [97m@wdio/browserstack-service[39m Update job with sessionId 334a3b67e51f09adab606eff24a77a094ac538d8
[90m2024-06-16T12:43:14.073Z[39m [32mDEBUG[39m [97m@wdio/browserstack-service[39m Updating Browserstack session at https://api-cloud.browserstack.com/app-automate/sessions/334a3b67e51f09adab606eff24a77a094ac538d8.json with request body: 
[90m2024-06-16T12:43:14.750Z[39m [96mINFO[39m [97m@wdio/browserstack-service[39m  session: https://app-automate.browserstack.com/builds/fc2d753fa6fb09d8de874f146a6b20d2f3db8c14/sessions/ee21f86c07629a8c424ceb478dbaf9aeb442b810
[90m2024-06-16T12:43:14.782Z[39m [96mINFO[39m [97m@wdio/browserstack-service[39m Update job with sessionId ee21f86c07629a8c424ceb478dbaf9aeb442b810
[90m2024-06-16T12:43:14.783Z[39m [32mDEBUG[39m [97m@wdio/browserstack-service[39m Updating Browserstack session at https://api-cloud.browserstack.com/app-automate/sessions/ee21f86c07629a8c424ceb478dbaf9aeb442b810.json with request body: 
[90m2024-06-16T12:43:14.916Z[39m [96mINFO[39m [97m@wdio/browserstack-service[39m  session: https://app-automate.browserstack.com/builds/fc2d753fa6fb09d8de874f146a6b20d2f3db8c14/sessions/f55c1c1244f88dd9e2a1bea21c77fa1b14425496
[90m2024-06-16T12:43:14.942Z[39m [96mINFO[39m [97m@wdio/browserstack-service[39m Update job with sessionId f55c1c1244f88dd9e2a1bea21c77fa1b14425496
[90m2024-06-16T12:43:14.943Z[39m [32mDEBUG[39m [97m@wdio/browserstack-service[39m Updating Browserstack session at https://api-cloud.browserstack.com/app-automate/sessions/f55c1c1244f88dd9e2a1bea21c77fa1b14425496.json with request body: 
[90m2024-06-16T12:43:15.083Z[39m [96mINFO[39m [97m@wdio/browserstack-service[39m Update job with sessionId 334a3b67e51f09adab606eff24a77a094ac538d8
[90m2024-06-16T12:43:15.084Z[39m [32mDEBUG[39m [97m@wdio/browserstack-service[39m Updating Browserstack session at https://api-cloud.browserstack.com/app-automate/sessions/334a3b67e51f09adab606eff24a77a094ac538d8.json with request body: 
[90m2024-06-16T12:43:15.563Z[39m [96mINFO[39m [97m@wdio/browserstack-service[39m Update job with sessionId ee21f86c07629a8c424ceb478dbaf9aeb442b810
[90m2024-06-16T12:43:15.564Z[39m [32mDEBUG[39m [97m@wdio/browserstack-service[39m Updating Browserstack session at https://api-cloud.browserstack.com/app-automate/sessions/ee21f86c07629a8c424ceb478dbaf9aeb442b810.json with request body: 
[90m2024-06-16T12:43:15.713Z[39m [96mINFO[39m [97m@wdio/browserstack-service[39m Update job with sessionId f55c1c1244f88dd9e2a1bea21c77fa1b14425496
[90m2024-06-16T12:43:15.714Z[39m [32mDEBUG[39m [97m@wdio/browserstack-service[39m Updating Browserstack session at https://api-cloud.browserstack.com/app-automate/sessions/f55c1c1244f88dd9e2a1bea21c77fa1b14425496.json with request body: 
[90m2024-06-16T12:43:20.032Z[39m [32mDEBUG[39m [97m@wdio/browserstack-service[39m Accessibility after test hook. Before sending test stop event
[90m2024-06-16T12:43:20.038Z[39m [96mINFO[39m [97m@wdio/browserstack-service[39m Update job with sessionId 09ba30210e82732d3876a6cd80d2179ef858fa83
[90m2024-06-16T12:43:20.038Z[39m [32mDEBUG[39m [97m@wdio/browserstack-service[39m Updating Browserstack session at https://api-cloud.browserstack.com/app-automate/sessions/09ba30210e82732d3876a6cd80d2179ef858fa83.json with request body: 
[90m2024-06-16T12:43:20.890Z[39m [32mDEBUG[39m [97m@wdio/browserstack-service[39m teardown started
[90m2024-06-16T12:43:20.890Z[39m [32mDEBUG[39m [97m@wdio/browserstack-service[39m teardown ended
[90m2024-06-16T12:43:22.768Z[39m [32mDEBUG[39m [97m@wdio/browserstack-service[39m Accessibility after test hook. Before sending test stop event
[90m2024-06-16T12:43:22.779Z[39m [96mINFO[39m [97m@wdio/browserstack-service[39m Update job with sessionId 334a3b67e51f09adab606eff24a77a094ac538d8
[90m2024-06-16T12:43:22.780Z[39m [32mDEBUG[39m [97m@wdio/browserstack-service[39m Updating Browserstack session at https://api-cloud.browserstack.com/app-automate/sessions/334a3b67e51f09adab606eff24a77a094ac538d8.json with request body: 
[90m2024-06-16T12:43:23.300Z[39m [32mDEBUG[39m [97m@wdio/browserstack-service[39m Accessibility after test hook. Before sending test stop event
[90m2024-06-16T12:43:23.314Z[39m [96mINFO[39m [97m@wdio/browserstack-service[39m Update job with sessionId ee21f86c07629a8c424ceb478dbaf9aeb442b810
[90m2024-06-16T12:43:23.315Z[39m [32mDEBUG[39m [97m@wdio/browserstack-service[39m Updating Browserstack session at https://api-cloud.browserstack.com/app-automate/sessions/ee21f86c07629a8c424ceb478dbaf9aeb442b810.json with request body: 
[90m2024-06-16T12:43:23.733Z[39m [32mDEBUG[39m [97m@wdio/browserstack-service[39m teardown started
[90m2024-06-16T12:43:23.733Z[39m [32mDEBUG[39m [97m@wdio/browserstack-service[39m teardown ended
[90m2024-06-16T12:43:23.816Z[39m [32mDEBUG[39m [97m@wdio/browserstack-service[39m Accessibility after test hook. Before sending test stop event
[90m2024-06-16T12:43:23.828Z[39m [96mINFO[39m [97m@wdio/browserstack-service[39m Update job with sessionId f55c1c1244f88dd9e2a1bea21c77fa1b14425496
[90m2024-06-16T12:43:23.829Z[39m [32mDEBUG[39m [97m@wdio/browserstack-service[39m Updating Browserstack session at https://api-cloud.browserstack.com/app-automate/sessions/f55c1c1244f88dd9e2a1bea21c77fa1b14425496.json with request body: 
[90m2024-06-16T12:43:24.129Z[39m [32mDEBUG[39m [97m@wdio/browserstack-service[39m teardown started
[90m2024-06-16T12:43:24.129Z[39m [32mDEBUG[39m [97m@wdio/browserstack-service[39m teardown ended
[90m2024-06-16T12:43:24.988Z[39m [32mDEBUG[39m [97m@wdio/browserstack-service[39m teardown started
[90m2024-06-16T12:43:24.988Z[39m [32mDEBUG[39m [97m@wdio/browserstack-service[39m teardown ended
[90m2024-06-16T12:43:25.716Z[39m [32mDEBUG[39m [97m@wdio/browserstack-service[39m Inside OnComplete hook..
[90m2024-06-16T12:43:25.717Z[39m [32mDEBUG[39m [97m@wdio/browserstack-service[39m Reading worker file worker-data-20124.json
[90m2024-06-16T12:43:25.718Z[39m [32mDEBUG[39m [97m@wdio/browserstack-service[39m Reading worker file worker-data-20320.json
[90m2024-06-16T12:43:25.718Z[39m [32mDEBUG[39m [97m@wdio/browserstack-service[39m Reading worker file worker-data-21136.json
[90m2024-06-16T12:43:25.719Z[39m [32mDEBUG[39m [97m@wdio/browserstack-service[39m Reading worker file worker-data-22640.json
[90m2024-06-16T12:43:25.728Z[39m [32mDEBUG[39m [97m@wdio/browserstack-service[39m Sending SDK event with data {
  userName: 'leonardopadilha_rIS0fJ',
  accessKey: '23wHM2JfRA7Z2uNqU8xK',
  event_type: 'SDKTestSuccessful',
  detectedFramework: 'WebdriverIO-mocha',
  event_properties: {
    language_framework: 'WebdriverIO_mocha',
    referrer: 'WebdriverIO-mocha/8.38.2',
    language: 'WebdriverIO',
    languageVersion: 'v18.18.0',
    buildName: 'undefined',
    buildIdentifier: 'undefined',
    sdkRunId: '45ad0452-fd41-4e3f-bc80-a2f636ce3e9d',
    os: 'Windows_NT',
    hostname: 'DESKTOP-1LLNU0U',
    productMap: {
      observability: false,
      accessibility: false,
      percy: false,
      automate: false,
      app_automate: true
    },
    product: [ 'app-automate' ],
    productUsage: {
      testObservability: { enabled: false, manuallySet: true, buildHashedId: undefined }
    }
  }
}
[90m2024-06-16T12:43:26.038Z[39m [32mDEBUG[39m [97m@wdio/browserstack-service[39m Funnel event success
[90m2024-06-16T12:43:26.038Z[39m [96mINFO[39m [97m@wdio/browserstack-service[39m If facing any issues, please contact BrowserStack support with the Build Run Id - f8aa990e-4ad4-4065-b7df-dcfb47217eae
[90m2024-06-16T12:43:26.897Z[39m [32mDEBUG[39m [97m@wdio/browserstack-service[39m Response - {
  status: 'success',
  message: 'Logs upload successful in file - logs.gz'
}
